<?xml version="1.0" encoding="UTF-8"?>
<testng-results skipped="0" failed="0" ignored="0" total="1" passed="1">
  <reporter-output>
  </reporter-output>
  <suite name="Default suite" duration-ms="68566" started-at="2019-11-14T16:33:40 CST" finished-at="2019-11-14T16:34:48 CST">
    <groups>
    </groups>
    <test name="Default test" duration-ms="68566" started-at="2019-11-14T16:33:40 CST" finished-at="2019-11-14T16:34:48 CST">
      <class name="com.amazon.test.Test01">
        <test-method status="PASS" signature="exampleTest()[pri:0, instance:com.amazon.test.Test01@64729b1e]" name="exampleTest" duration-ms="68499" started-at="2019-11-14T16:33:40 CST" finished-at="2019-11-14T16:34:48 CST">
          <reporter-output>
          </reporter-output>
        </test-method> <!-- exampleTest -->
      </class> <!-- com.amazon.test.Test01 -->
    </test> <!-- Default test -->
  </suite> <!-- Default suite -->
</testng-results>
